current directory: /Users/falcon/work_space/runteq_2/advanced_rails/23890_falcon-0418_runteq_curriculum_advanced/vender/bundle/ruby/2.6.0/gems/debug_inspector-0.0.3/ext/debug_inspector
/Users/falcon/.rbenv/versions/2.6.5/bin/ruby -I /Users/falcon/.rbenv/versions/2.6.5/lib/ruby/2.6.0 -r ./siteconf20230612-72504-za407x.rb extconf.rb
creating Makefile

current directory: /Users/falcon/work_space/runteq_2/advanced_rails/23890_falcon-0418_runteq_curriculum_advanced/vender/bundle/ruby/2.6.0/gems/debug_inspector-0.0.3/ext/debug_inspector
make "DESTDIR=" clean

current directory: /Users/falcon/work_space/runteq_2/advanced_rails/23890_falcon-0418_runteq_curriculum_advanced/vender/bundle/ruby/2.6.0/gems/debug_inspector-0.0.3/ext/debug_inspector
make "DESTDIR="
compiling debug_inspector.c
debug_inspector.c:107:49: warning: '(' and '{' tokens introducing statement expression appear in different macro expansion contexts [-Wcompound-token-split-by-macro]
    VALUE rb_cRubyVM = rb_const_get(rb_cObject, rb_intern("RubyVM"));
                                                ^~~~~~~~~~~~~~~~~~~
/Users/falcon/.rbenv/versions/2.6.5/include/ruby-2.6.0/ruby/ruby.h:1826:23: note: expanded from macro 'rb_intern'
        __extension__ (RUBY_CONST_ID_CACHE((ID), (str))) : \
                      ^
debug_inspector.c:107:49: note: '{' token is here
    VALUE rb_cRubyVM = rb_const_get(rb_cObject, rb_intern("RubyVM"));
                                                ^~~~~~~~~~~~~~~~~~~
/Users/falcon/.rbenv/versions/2.6.5/include/ruby-2.6.0/ruby/ruby.h:1826:24: note: expanded from macro 'rb_intern'
        __extension__ (RUBY_CONST_ID_CACHE((ID), (str))) : \
                       ^~~~~~~~~~~~~~~~~~~~~~~~~~~~~~~~
/Users/falcon/.rbenv/versions/2.6.5/include/ruby-2.6.0/ruby/ruby.h:1811:5: note: expanded from macro 'RUBY_CONST_ID_CACHE'
    {                                                   \
    ^
debug_inspector.c:107:49: warning: '}' and ')' tokens terminating statement expression appear in different macro expansion contexts [-Wcompound-token-split-by-macro]
    VALUE rb_cRubyVM = rb_const_get(rb_cObject, rb_intern("RubyVM"));
                                                ^~~~~~~~~~~~~~~~~~~
/Users/falcon/.rbenv/versions/2.6.5/include/ruby-2.6.0/ruby/ruby.h:1826:24: note: expanded from macro 'rb_intern'
        __extension__ (RUBY_CONST_ID_CACHE((ID), (str))) : \
                       ^~~~~~~~~~~~~~~~~~~~~~~~~~~~~~~~
/Users/falcon/.rbenv/versions/2.6.5/include/ruby-2.6.0/ruby/ruby.h:1816:5: note: expanded from macro 'RUBY_CONST_ID_CACHE'
    }
    ^
debug_inspector.c:107:49: note: ')' token is here
    VALUE rb_cRubyVM = rb_const_get(rb_cObject, rb_intern("RubyVM"));
                                                ^~~~~~~~~~~~~~~~~~~
/Users/falcon/.rbenv/versions/2.6.5/include/ruby-2.6.0/ruby/ruby.h:1826:56: note: expanded from macro 'rb_intern'
        __extension__ (RUBY_CONST_ID_CACHE((ID), (str))) : \
                                                       ^
2 warnings generated.
linking shared-object debug_inspector.bundle

current directory: /Users/falcon/work_space/runteq_2/advanced_rails/23890_falcon-0418_runteq_curriculum_advanced/vender/bundle/ruby/2.6.0/gems/debug_inspector-0.0.3/ext/debug_inspector
make "DESTDIR=" install
/usr/bin/install -c -m 0755 debug_inspector.bundle ./.gem.20230612-72504-15cu2m3
